
***********************************************

    CONFIGURATION: 0
    TIME: 0.0 s.
    MEMORY USED: 31680
    FREE MEMORY: 25326
    TOTAL MEMORY: 494976

    CELL ID: 0, Label: environment
    Multiset: #

    CELL ID: 1, Label: buff1
    Multiset: a

    CELL ID: 2, Label: buff2
    Multiset: #

    CELL ID: 3, Label: nr0
    Multiset: #

    CELL ID: 4, Label: nr1
    Multiset: #

    CELL ID: 5, Label: nr2
    Multiset: #

    CELL ID: 6, Label: nr3
    Multiset: #

    CELL ID: 7, Label: nr4
    Multiset: #

-----------------------------------------------

    STEP: 1

    Rules selected for CELL ID: 1, Label: buff1
    1 * #1 [a]'buff1 --> [a]

***********************************************

    CONFIGURATION: 1
    TIME: 0.094 s.
    MEMORY USED: 31680
    FREE MEMORY: 24978
    TOTAL MEMORY: 494976

    CELL ID: 0, Label: environment
    Multiset: #

    CELL ID: 1, Label: buff1
    Multiset: #

    CELL ID: 2, Label: buff2
    Multiset: a

    CELL ID: 3, Label: nr0
    Multiset: a

    CELL ID: 4, Label: nr1
    Multiset: #

    CELL ID: 5, Label: nr2
    Multiset: #

    CELL ID: 6, Label: nr3
    Multiset: #

    CELL ID: 7, Label: nr4
    Multiset: #

-----------------------------------------------

    STEP: 2

    Rules selected for CELL ID: 2, Label: buff2
    1 * #2 [a]'buff2 --> [a]

    Rules selected for CELL ID: 3, Label: nr0
    1 * #3 [a]'nr0 --> [a]

***********************************************

    CONFIGURATION: 2
    TIME: 0.12 s.
    MEMORY USED: 31680
    FREE MEMORY: 24630
    TOTAL MEMORY: 494976

    CELL ID: 0, Label: environment
    Multiset: #

    CELL ID: 1, Label: buff1
    Multiset: a

    CELL ID: 2, Label: buff2
    Multiset: #

    CELL ID: 3, Label: nr0
    Multiset: a

    CELL ID: 4, Label: nr1
    Multiset: #

    CELL ID: 5, Label: nr2
    Multiset: #

    CELL ID: 6, Label: nr3
    Multiset: #

    CELL ID: 7, Label: nr4
    Multiset: #

-----------------------------------------------

    STEP: 3

    Rules selected for CELL ID: 1, Label: buff1
    1 * #1 [a]'buff1 --> [a]

    Rules selected for CELL ID: 3, Label: nr0
    1 * #3 [a]'nr0 --> [a]

***********************************************

    CONFIGURATION: 3
    TIME: 0.203 s.
    MEMORY USED: 31680
    FREE MEMORY: 24107
    TOTAL MEMORY: 494976

    CELL ID: 0, Label: environment
    Multiset: #

    CELL ID: 1, Label: buff1
    Multiset: #

    CELL ID: 2, Label: buff2
    Multiset: a

    CELL ID: 3, Label: nr0
    Multiset: a*2

    CELL ID: 4, Label: nr1
    Multiset: #

    CELL ID: 5, Label: nr2
    Multiset: #

    CELL ID: 6, Label: nr3
    Multiset: #

    CELL ID: 7, Label: nr4
    Multiset: #

-----------------------------------------------

    STEP: 4

    Rules selected for CELL ID: 2, Label: buff2
    1 * #2 [a]'buff2 --> [a]

***********************************************

    CONFIGURATION: 4
    TIME: 0.218 s.
    MEMORY USED: 31680
    FREE MEMORY: 23933
    TOTAL MEMORY: 494976

    CELL ID: 0, Label: environment
    Multiset: #

    CELL ID: 1, Label: buff1
    Multiset: a

    CELL ID: 2, Label: buff2
    Multiset: #

    CELL ID: 3, Label: nr0
    Multiset: a*2

    CELL ID: 4, Label: nr1
    Multiset: #

    CELL ID: 5, Label: nr2
    Multiset: #

    CELL ID: 6, Label: nr3
    Multiset: #

    CELL ID: 7, Label: nr4
    Multiset: #

-----------------------------------------------

    STEP: 5

    Rules selected for CELL ID: 1, Label: buff1
    1 * #1 [a]'buff1 --> [a]

***********************************************

    CONFIGURATION: 5
    TIME: 0.233 s.
    MEMORY USED: 31680
    FREE MEMORY: 23585
    TOTAL MEMORY: 494976

    CELL ID: 0, Label: environment
    Multiset: #

    CELL ID: 1, Label: buff1
    Multiset: #

    CELL ID: 2, Label: buff2
    Multiset: a

    CELL ID: 3, Label: nr0
    Multiset: a*3

    CELL ID: 4, Label: nr1
    Multiset: #

    CELL ID: 5, Label: nr2
    Multiset: #

    CELL ID: 6, Label: nr3
    Multiset: #

    CELL ID: 7, Label: nr4
    Multiset: #

-----------------------------------------------

    STEP: 6

    Rules selected for CELL ID: 2, Label: buff2
    1 * #2 [a]'buff2 --> [a]

***********************************************

    CONFIGURATION: 6
    TIME: 0.243 s.
    MEMORY USED: 31680
    FREE MEMORY: 23411
    TOTAL MEMORY: 494976

    CELL ID: 0, Label: environment
    Multiset: #

    CELL ID: 1, Label: buff1
    Multiset: a

    CELL ID: 2, Label: buff2
    Multiset: #

    CELL ID: 3, Label: nr0
    Multiset: a*3

    CELL ID: 4, Label: nr1
    Multiset: #

    CELL ID: 5, Label: nr2
    Multiset: #

    CELL ID: 6, Label: nr3
    Multiset: #

    CELL ID: 7, Label: nr4
    Multiset: #

-----------------------------------------------

    STEP: 7

    Rules selected for CELL ID: 1, Label: buff1
    1 * #1 [a]'buff1 --> [a]

***********************************************

    CONFIGURATION: 7
    TIME: 0.301 s.
    MEMORY USED: 31680
    FREE MEMORY: 23063
    TOTAL MEMORY: 494976

    CELL ID: 0, Label: environment
    Multiset: #

    CELL ID: 1, Label: buff1
    Multiset: #

    CELL ID: 2, Label: buff2
    Multiset: a

    CELL ID: 3, Label: nr0
    Multiset: a*4

    CELL ID: 4, Label: nr1
    Multiset: #

    CELL ID: 5, Label: nr2
    Multiset: #

    CELL ID: 6, Label: nr3
    Multiset: #

    CELL ID: 7, Label: nr4
    Multiset: #

-----------------------------------------------

    STEP: 8

    Rules selected for CELL ID: 2, Label: buff2
    1 * #2 [a]'buff2 --> [a]

***********************************************

    CONFIGURATION: 8
    TIME: 0.306 s.
    MEMORY USED: 31680
    FREE MEMORY: 22976
    TOTAL MEMORY: 494976

    CELL ID: 0, Label: environment
    Multiset: #

    CELL ID: 1, Label: buff1
    Multiset: a

    CELL ID: 2, Label: buff2
    Multiset: #

    CELL ID: 3, Label: nr0
    Multiset: a*4

    CELL ID: 4, Label: nr1
    Multiset: #

    CELL ID: 5, Label: nr2
    Multiset: #

    CELL ID: 6, Label: nr3
    Multiset: #

    CELL ID: 7, Label: nr4
    Multiset: #

-----------------------------------------------

    STEP: 9

    Rules selected for CELL ID: 1, Label: buff1
    1 * #1 [a]'buff1 --> [a]

***********************************************

    CONFIGURATION: 9
    TIME: 0.323 s.
    MEMORY USED: 31680
    FREE MEMORY: 29267
    TOTAL MEMORY: 494976

    CELL ID: 0, Label: environment
    Multiset: #

    CELL ID: 1, Label: buff1
    Multiset: #

    CELL ID: 2, Label: buff2
    Multiset: a

    CELL ID: 3, Label: nr0
    Multiset: a*5

    CELL ID: 4, Label: nr1
    Multiset: #

    CELL ID: 5, Label: nr2
    Multiset: #

    CELL ID: 6, Label: nr3
    Multiset: #

    CELL ID: 7, Label: nr4
    Multiset: #

-----------------------------------------------

    STEP: 10

    Rules selected for CELL ID: 2, Label: buff2
    1 * #2 [a]'buff2 --> [a]

***********************************************

    CONFIGURATION: 10
    TIME: 0.328 s.
    MEMORY USED: 31680
    FREE MEMORY: 28919
    TOTAL MEMORY: 494976

    CELL ID: 0, Label: environment
    Multiset: #

    CELL ID: 1, Label: buff1
    Multiset: a

    CELL ID: 2, Label: buff2
    Multiset: #

    CELL ID: 3, Label: nr0
    Multiset: a*5

    CELL ID: 4, Label: nr1
    Multiset: #

    CELL ID: 5, Label: nr2
    Multiset: #

    CELL ID: 6, Label: nr3
    Multiset: #

    CELL ID: 7, Label: nr4
    Multiset: #

