
***********************************************

    CONFIGURATION: 0
    TIME: 0.0 s.
    MEMORY USED: 31680
    FREE MEMORY: 25328
    TOTAL MEMORY: 494976

    CELL ID: 0, Label: environment
    Multiset: #

    CELL ID: 1, Label: buff1
    Multiset: a

    CELL ID: 2, Label: buff2
    Multiset: #

    CELL ID: 3, Label: nr0
    Multiset: #

    CELL ID: 4, Label: nr1
    Multiset: #

    CELL ID: 5, Label: nr2
    Multiset: #

    CELL ID: 6, Label: nr3
    Multiset: #

    CELL ID: 7, Label: nr4
    Multiset: #

-----------------------------------------------

    STEP: 1

    Rules selected for CELL ID: 1, Label: buff1
    1 * #1 [a]'buff1 --> [a]

***********************************************

    CONFIGURATION: 1
    TIME: 0.062 s.
    MEMORY USED: 31680
    FREE MEMORY: 24980
    TOTAL MEMORY: 494976

    CELL ID: 0, Label: environment
    Multiset: #

    CELL ID: 1, Label: buff1
    Multiset: #

    CELL ID: 2, Label: buff2
    Multiset: a

    CELL ID: 3, Label: nr0
    Multiset: a

    CELL ID: 4, Label: nr1
    Multiset: #

    CELL ID: 5, Label: nr2
    Multiset: #

    CELL ID: 6, Label: nr3
    Multiset: #

    CELL ID: 7, Label: nr4
    Multiset: #

-----------------------------------------------

    STEP: 2

    Rules selected for CELL ID: 2, Label: buff2
    1 * #2 [a]'buff2 --> [a]

    Rules selected for CELL ID: 3, Label: nr0
    1 * #3 [a]'nr0 --> [a]

***********************************************

    CONFIGURATION: 2
    TIME: 0.081 s.
    MEMORY USED: 31680
    FREE MEMORY: 24632
    TOTAL MEMORY: 494976

    CELL ID: 0, Label: environment
    Multiset: #

    CELL ID: 1, Label: buff1
    Multiset: a

    CELL ID: 2, Label: buff2
    Multiset: #

    CELL ID: 3, Label: nr0
    Multiset: a

    CELL ID: 4, Label: nr1
    Multiset: #

    CELL ID: 5, Label: nr2
    Multiset: #

    CELL ID: 6, Label: nr3
    Multiset: #

    CELL ID: 7, Label: nr4
    Multiset: #

-----------------------------------------------

    STEP: 3

    Rules selected for CELL ID: 1, Label: buff1
    1 * #1 [a]'buff1 --> [a]

    Rules selected for CELL ID: 3, Label: nr0
    1 * #3 [a]'nr0 --> [a]

***********************************************

    CONFIGURATION: 3
    TIME: 0.154 s.
    MEMORY USED: 31680
    FREE MEMORY: 24284
    TOTAL MEMORY: 494976

    CELL ID: 0, Label: environment
    Multiset: #

    CELL ID: 1, Label: buff1
    Multiset: #

    CELL ID: 2, Label: buff2
    Multiset: a

    CELL ID: 3, Label: nr0
    Multiset: a*2

    CELL ID: 4, Label: nr1
    Multiset: #

    CELL ID: 5, Label: nr2
    Multiset: #

    CELL ID: 6, Label: nr3
    Multiset: #

    CELL ID: 7, Label: nr4
    Multiset: #

-----------------------------------------------

    STEP: 4

    Rules selected for CELL ID: 2, Label: buff2
    1 * #2 [a]'buff2 --> [a]

***********************************************

    CONFIGURATION: 4
    TIME: 0.171 s.
    MEMORY USED: 31680
    FREE MEMORY: 24109
    TOTAL MEMORY: 494976

    CELL ID: 0, Label: environment
    Multiset: #

    CELL ID: 1, Label: buff1
    Multiset: a

    CELL ID: 2, Label: buff2
    Multiset: #

    CELL ID: 3, Label: nr0
    Multiset: a*2

    CELL ID: 4, Label: nr1
    Multiset: #

    CELL ID: 5, Label: nr2
    Multiset: #

    CELL ID: 6, Label: nr3
    Multiset: #

    CELL ID: 7, Label: nr4
    Multiset: #

-----------------------------------------------

    STEP: 5

    Rules selected for CELL ID: 1, Label: buff1
    1 * #1 [a]'buff1 --> [a]

***********************************************

    CONFIGURATION: 5
    TIME: 0.193 s.
    MEMORY USED: 31680
    FREE MEMORY: 23935
    TOTAL MEMORY: 494976

    CELL ID: 0, Label: environment
    Multiset: #

    CELL ID: 1, Label: buff1
    Multiset: #

    CELL ID: 2, Label: buff2
    Multiset: a

    CELL ID: 3, Label: nr0
    Multiset: a*3

    CELL ID: 4, Label: nr1
    Multiset: #

    CELL ID: 5, Label: nr2
    Multiset: #

    CELL ID: 6, Label: nr3
    Multiset: #

    CELL ID: 7, Label: nr4
    Multiset: #

-----------------------------------------------

    STEP: 6

    Rules selected for CELL ID: 2, Label: buff2
    1 * #2 [a]'buff2 --> [a]

***********************************************

    CONFIGURATION: 6
    TIME: 0.209 s.
    MEMORY USED: 31680
    FREE MEMORY: 23761
    TOTAL MEMORY: 494976

    CELL ID: 0, Label: environment
    Multiset: #

    CELL ID: 1, Label: buff1
    Multiset: a

    CELL ID: 2, Label: buff2
    Multiset: #

    CELL ID: 3, Label: nr0
    Multiset: a*3

    CELL ID: 4, Label: nr1
    Multiset: #

    CELL ID: 5, Label: nr2
    Multiset: #

    CELL ID: 6, Label: nr3
    Multiset: #

    CELL ID: 7, Label: nr4
    Multiset: #

-----------------------------------------------

    STEP: 7

    Rules selected for CELL ID: 1, Label: buff1
    1 * #1 [a]'buff1 --> [a]

***********************************************

    CONFIGURATION: 7
    TIME: 0.263 s.
    MEMORY USED: 31680
    FREE MEMORY: 23413
    TOTAL MEMORY: 494976

    CELL ID: 0, Label: environment
    Multiset: #

    CELL ID: 1, Label: buff1
    Multiset: #

    CELL ID: 2, Label: buff2
    Multiset: a

    CELL ID: 3, Label: nr0
    Multiset: a*4

    CELL ID: 4, Label: nr1
    Multiset: #

    CELL ID: 5, Label: nr2
    Multiset: #

    CELL ID: 6, Label: nr3
    Multiset: #

    CELL ID: 7, Label: nr4
    Multiset: #

-----------------------------------------------

    STEP: 8

    Rules selected for CELL ID: 2, Label: buff2
    1 * #2 [a]'buff2 --> [a]

***********************************************

    CONFIGURATION: 8
    TIME: 0.271 s.
    MEMORY USED: 31680
    FREE MEMORY: 23239
    TOTAL MEMORY: 494976

    CELL ID: 0, Label: environment
    Multiset: #

    CELL ID: 1, Label: buff1
    Multiset: a

    CELL ID: 2, Label: buff2
    Multiset: #

    CELL ID: 3, Label: nr0
    Multiset: a*4

    CELL ID: 4, Label: nr1
    Multiset: #

    CELL ID: 5, Label: nr2
    Multiset: #

    CELL ID: 6, Label: nr3
    Multiset: #

    CELL ID: 7, Label: nr4
    Multiset: #

-----------------------------------------------

    STEP: 9

    Rules selected for CELL ID: 1, Label: buff1
    1 * #1 [a]'buff1 --> [a]

***********************************************

    CONFIGURATION: 9
    TIME: 0.288 s.
    MEMORY USED: 31680
    FREE MEMORY: 23065
    TOTAL MEMORY: 494976

    CELL ID: 0, Label: environment
    Multiset: #

    CELL ID: 1, Label: buff1
    Multiset: #

    CELL ID: 2, Label: buff2
    Multiset: a

    CELL ID: 3, Label: nr0
    Multiset: a*5

    CELL ID: 4, Label: nr1
    Multiset: #

    CELL ID: 5, Label: nr2
    Multiset: #

    CELL ID: 6, Label: nr3
    Multiset: #

    CELL ID: 7, Label: nr4
    Multiset: #

-----------------------------------------------

    STEP: 10

    Rules selected for CELL ID: 2, Label: buff2
    1 * #2 [a]'buff2 --> [a]

***********************************************

    CONFIGURATION: 10
    TIME: 0.305 s.
    MEMORY USED: 31680
    FREE MEMORY: 29615
    TOTAL MEMORY: 494976

    CELL ID: 0, Label: environment
    Multiset: #

    CELL ID: 1, Label: buff1
    Multiset: a

    CELL ID: 2, Label: buff2
    Multiset: #

    CELL ID: 3, Label: nr0
    Multiset: a*5

    CELL ID: 4, Label: nr1
    Multiset: #

    CELL ID: 5, Label: nr2
    Multiset: #

    CELL ID: 6, Label: nr3
    Multiset: #

    CELL ID: 7, Label: nr4
    Multiset: #

