P-LINGUA COMMAND-LINE SIMULATOR

Copyright (C) 2009 Research Group On Natural Computing
                   http://www.gcn.us.es/

This program comes with ABSOLUTELY NO WARRANTY.
This is free software, and you are welcome to redistribute it
under the conditions of the GNU General Public License version 3,
for details see the file gpl.txt or http://www.gnu.org/licenses/gpl.html

For more information about P-Lingua see http://www.p-lingua.org/

Trying execution for...
1:[a]'buff1
Executing rule...
#1 [a]'buff1 --> [a]
Target Membrane
2:[]'buff2
After execution Target Membrane
2:[a]'buff2
Cells: 0:[]'environment, 1:[]'buff1, 2:[a]'buff2, 3:[]'nr0, 4:[]'nr1, 5:[]'nr2, 6:[]'nr3, 7:[]'nr4
Arcs: 
{1=[2], 2=[1], 7=[0], 3=[4], 4=[4, 5], 5=[6, 7], 6=[4, 7]}
Arcs Info: 
{<1,2>=<edges=<1,2>,w=1,ast=[]>, <2,1>=<edges=<2,1>,w=1,ast=[]>, <7,0>=<edges=<7,0>,w=1,ast=[]>, <3,4>=<edges=<3,4>,w=1,ast=[]>, <4,4>=<edges=<4,4>,w=1,ast=[]>, <4,5>=<edges=<4,5>,w=1,ast=[]>, <5,6>=<edges=<5,6>,w=1,ast=[]>, <5,7>=<edges=<5,7>,w=1,ast=[]>, <6,4>=<edges=<6,4>,w=1,ast=[]>, <6,7>=<edges=<6,7>,w=1,ast=[]>}
Dictionary: 
buff1:[buff2]
buff2:[buff1]
nr0:[nr1]
nr1:[nr1, nr2]
nr2:[nr4, nr3]
nr3:[nr4, nr1]
Input Membrane: 3
Ouput Membranes: 7

********************************************************************
For membrane: buff1
Rule selected: #1 [a]'buff1 --> [a]
Rule fired?: true
Steps to open and fire (if zero fired now): 0
********************************************************************
Executing flush!!!!!
Cells: 0:[]'environment, 1:[]'buff1, 2:[a]'buff2, 3:[]'nr0, 4:[]'nr1, 5:[]'nr2, 6:[]'nr3, 7:[]'nr4
Arcs: 
{1=[2], 2=[1], 7=[0], 3=[4], 4=[4, 5], 5=[6, 7], 6=[4, 7]}
Arcs Info: 
{<1,2>=<edges=<1,2>,w=1,ast=[]>, <2,1>=<edges=<2,1>,w=1,ast=[]>, <7,0>=<edges=<7,0>,w=1,ast=[]>, <3,4>=<edges=<3,4>,w=1,ast=[]>, <4,4>=<edges=<4,4>,w=1,ast=[]>, <4,5>=<edges=<4,5>,w=1,ast=[]>, <5,6>=<edges=<5,6>,w=1,ast=[]>, <5,7>=<edges=<5,7>,w=1,ast=[]>, <6,4>=<edges=<6,4>,w=1,ast=[]>, <6,7>=<edges=<6,7>,w=1,ast=[]>}
Dictionary: 
buff1:[buff2]
buff2:[buff1]
nr0:[nr1]
nr1:[nr1, nr2]
nr2:[nr4, nr3]
nr3:[nr4, nr1]
Input Membrane: 3
Ouput Membranes: 7

********************************************************************
Input Membrane: 3:[]'nr0
Step: 1
Trying to receive input spikes from the input spike train...
Input Membrane
3:[]'nr0
Adding 1 spikes in this step
After execution Input Membrane
3:[a]'nr0
Cells: 0:[]'environment, 1:[]'buff1, 2:[a]'buff2, 3:[a]'nr0, 4:[]'nr1, 5:[]'nr2, 6:[]'nr3, 7:[]'nr4
Arcs: 
{1=[2], 2=[1], 7=[0], 3=[4], 4=[4, 5], 5=[6, 7], 6=[4, 7]}
Arcs Info: 
{<1,2>=<edges=<1,2>,w=1,ast=[]>, <2,1>=<edges=<2,1>,w=1,ast=[]>, <7,0>=<edges=<7,0>,w=1,ast=[]>, <3,4>=<edges=<3,4>,w=1,ast=[]>, <4,4>=<edges=<4,4>,w=1,ast=[]>, <4,5>=<edges=<4,5>,w=1,ast=[]>, <5,6>=<edges=<5,6>,w=1,ast=[]>, <5,7>=<edges=<5,7>,w=1,ast=[]>, <6,4>=<edges=<6,4>,w=1,ast=[]>, <6,7>=<edges=<6,7>,w=1,ast=[]>}
Dictionary: 
buff1:[buff2]
buff2:[buff1]
nr0:[nr1]
nr1:[nr1, nr2]
nr2:[nr4, nr3]
nr3:[nr4, nr1]
Input Membrane: 3
Ouput Membranes: 7
********************************************************************
Execution Results at step: 1

Binary Sequence:

{7=[0]}

Natural Sequence:

{7=[]}


Trying execution for...
2:[a]'buff2
Executing rule...
#2 [a]'buff2 --> [a]
Target Membrane
1:[]'buff1
After execution Target Membrane
1:[a]'buff1
Cells: 0:[]'environment, 1:[a]'buff1, 2:[]'buff2, 3:[a]'nr0, 4:[]'nr1, 5:[]'nr2, 6:[]'nr3, 7:[]'nr4
Arcs: 
{1=[2], 2=[1], 7=[0], 3=[4], 4=[4, 5], 5=[6, 7], 6=[4, 7]}
Arcs Info: 
{<1,2>=<edges=<1,2>,w=1,ast=[]>, <2,1>=<edges=<2,1>,w=1,ast=[]>, <7,0>=<edges=<7,0>,w=1,ast=[]>, <3,4>=<edges=<3,4>,w=1,ast=[]>, <4,4>=<edges=<4,4>,w=1,ast=[]>, <4,5>=<edges=<4,5>,w=1,ast=[]>, <5,6>=<edges=<5,6>,w=1,ast=[]>, <5,7>=<edges=<5,7>,w=1,ast=[]>, <6,4>=<edges=<6,4>,w=1,ast=[]>, <6,7>=<edges=<6,7>,w=1,ast=[]>}
Dictionary: 
buff1:[buff2]
buff2:[buff1]
nr0:[nr1]
nr1:[nr1, nr2]
nr2:[nr4, nr3]
nr3:[nr4, nr1]
Input Membrane: 3
Ouput Membranes: 7

********************************************************************
For membrane: buff2
Rule selected: #2 [a]'buff2 --> [a]
Rule fired?: true
Steps to open and fire (if zero fired now): 0
********************************************************************

Trying execution for...
3:[a]'nr0
Executing rule...
#3 [a]'nr0 --> [a]
Target Membrane
4:[]'nr1
After execution Target Membrane
4:[a]'nr1
Cells: 0:[]'environment, 1:[a]'buff1, 2:[]'buff2, 3:[]'nr0, 4:[a]'nr1, 5:[]'nr2, 6:[]'nr3, 7:[]'nr4
Arcs: 
{1=[2], 2=[1], 7=[0], 3=[4], 4=[4, 5], 5=[6, 7], 6=[4, 7]}
Arcs Info: 
{<1,2>=<edges=<1,2>,w=1,ast=[]>, <2,1>=<edges=<2,1>,w=1,ast=[]>, <7,0>=<edges=<7,0>,w=1,ast=[]>, <3,4>=<edges=<3,4>,w=1,ast=[]>, <4,4>=<edges=<4,4>,w=1,ast=[]>, <4,5>=<edges=<4,5>,w=1,ast=[]>, <5,6>=<edges=<5,6>,w=1,ast=[]>, <5,7>=<edges=<5,7>,w=1,ast=[]>, <6,4>=<edges=<6,4>,w=1,ast=[]>, <6,7>=<edges=<6,7>,w=1,ast=[]>}
Dictionary: 
buff1:[buff2]
buff2:[buff1]
nr0:[nr1]
nr1:[nr1, nr2]
nr2:[nr4, nr3]
nr3:[nr4, nr1]
Input Membrane: 3
Ouput Membranes: 7

********************************************************************
For membrane: nr0
Rule selected: #3 [a]'nr0 --> [a]
Rule fired?: true
Steps to open and fire (if zero fired now): 0
********************************************************************
Executing flush!!!!!
Cells: 0:[]'environment, 1:[a]'buff1, 2:[]'buff2, 3:[]'nr0, 4:[a]'nr1, 5:[]'nr2, 6:[]'nr3, 7:[]'nr4
Arcs: 
{1=[2], 2=[1], 7=[0], 3=[4], 4=[4, 5], 5=[6, 7], 6=[4, 7]}
Arcs Info: 
{<1,2>=<edges=<1,2>,w=1,ast=[]>, <2,1>=<edges=<2,1>,w=1,ast=[]>, <7,0>=<edges=<7,0>,w=1,ast=[]>, <3,4>=<edges=<3,4>,w=1,ast=[]>, <4,4>=<edges=<4,4>,w=1,ast=[]>, <4,5>=<edges=<4,5>,w=1,ast=[]>, <5,6>=<edges=<5,6>,w=1,ast=[]>, <5,7>=<edges=<5,7>,w=1,ast=[]>, <6,4>=<edges=<6,4>,w=1,ast=[]>, <6,7>=<edges=<6,7>,w=1,ast=[]>}
Dictionary: 
buff1:[buff2]
buff2:[buff1]
nr0:[nr1]
nr1:[nr1, nr2]
nr2:[nr4, nr3]
nr3:[nr4, nr1]
Input Membrane: 3
Ouput Membranes: 7

********************************************************************
Input Membrane: 3:[]'nr0
Step: 2
Trying to receive input spikes from the input spike train...
zero input spikes for this step, not doing anything
********************************************************************
Execution Results at step: 2

Binary Sequence:

{7=[0, 0]}

Natural Sequence:

{7=[]}


Trying execution for...
1:[a]'buff1
Executing rule...
#1 [a]'buff1 --> [a]
Target Membrane
2:[]'buff2
After execution Target Membrane
2:[a]'buff2
Cells: 0:[]'environment, 1:[]'buff1, 2:[a]'buff2, 3:[]'nr0, 4:[a]'nr1, 5:[]'nr2, 6:[]'nr3, 7:[]'nr4
Arcs: 
{1=[2], 2=[1], 7=[0], 3=[4], 4=[4, 5], 5=[6, 7], 6=[4, 7]}
Arcs Info: 
{<1,2>=<edges=<1,2>,w=1,ast=[]>, <2,1>=<edges=<2,1>,w=1,ast=[]>, <7,0>=<edges=<7,0>,w=1,ast=[]>, <3,4>=<edges=<3,4>,w=1,ast=[]>, <4,4>=<edges=<4,4>,w=1,ast=[]>, <4,5>=<edges=<4,5>,w=1,ast=[]>, <5,6>=<edges=<5,6>,w=1,ast=[]>, <5,7>=<edges=<5,7>,w=1,ast=[]>, <6,4>=<edges=<6,4>,w=1,ast=[]>, <6,7>=<edges=<6,7>,w=1,ast=[]>}
Dictionary: 
buff1:[buff2]
buff2:[buff1]
nr0:[nr1]
nr1:[nr1, nr2]
nr2:[nr4, nr3]
nr3:[nr4, nr1]
Input Membrane: 3
Ouput Membranes: 7

********************************************************************
For membrane: buff1
Rule selected: #1 [a]'buff1 --> [a]
Rule fired?: true
Steps to open and fire (if zero fired now): 0
********************************************************************

Trying execution for...
4:[a]'nr1
Executing rule...
#4 [a]'nr1 --> [a]
Target Membrane
4:[a]'nr1
After execution Target Membrane
4:[a*2]'nr1
Target Membrane
5:[]'nr2
After execution Target Membrane
5:[a]'nr2
Cells: 0:[]'environment, 1:[]'buff1, 2:[a]'buff2, 3:[]'nr0, 4:[a]'nr1, 5:[a]'nr2, 6:[]'nr3, 7:[]'nr4
Arcs: 
{1=[2], 2=[1], 7=[0], 3=[4], 4=[4, 5], 5=[6, 7], 6=[4, 7]}
Arcs Info: 
{<1,2>=<edges=<1,2>,w=1,ast=[]>, <2,1>=<edges=<2,1>,w=1,ast=[]>, <7,0>=<edges=<7,0>,w=1,ast=[]>, <3,4>=<edges=<3,4>,w=1,ast=[]>, <4,4>=<edges=<4,4>,w=1,ast=[]>, <4,5>=<edges=<4,5>,w=1,ast=[]>, <5,6>=<edges=<5,6>,w=1,ast=[]>, <5,7>=<edges=<5,7>,w=1,ast=[]>, <6,4>=<edges=<6,4>,w=1,ast=[]>, <6,7>=<edges=<6,7>,w=1,ast=[]>}
Dictionary: 
buff1:[buff2]
buff2:[buff1]
nr0:[nr1]
nr1:[nr1, nr2]
nr2:[nr4, nr3]
nr3:[nr4, nr1]
Input Membrane: 3
Ouput Membranes: 7

********************************************************************
For membrane: nr1
Rule selected: #4 [a]'nr1 --> [a]
Rule fired?: true
Steps to open and fire (if zero fired now): 0
********************************************************************
Executing flush!!!!!
Cells: 0:[]'environment, 1:[]'buff1, 2:[a]'buff2, 3:[]'nr0, 4:[a]'nr1, 5:[a]'nr2, 6:[]'nr3, 7:[]'nr4
Arcs: 
{1=[2], 2=[1], 7=[0], 3=[4], 4=[4, 5], 5=[6, 7], 6=[4, 7]}
Arcs Info: 
{<1,2>=<edges=<1,2>,w=1,ast=[]>, <2,1>=<edges=<2,1>,w=1,ast=[]>, <7,0>=<edges=<7,0>,w=1,ast=[]>, <3,4>=<edges=<3,4>,w=1,ast=[]>, <4,4>=<edges=<4,4>,w=1,ast=[]>, <4,5>=<edges=<4,5>,w=1,ast=[]>, <5,6>=<edges=<5,6>,w=1,ast=[]>, <5,7>=<edges=<5,7>,w=1,ast=[]>, <6,4>=<edges=<6,4>,w=1,ast=[]>, <6,7>=<edges=<6,7>,w=1,ast=[]>}
Dictionary: 
buff1:[buff2]
buff2:[buff1]
nr0:[nr1]
nr1:[nr1, nr2]
nr2:[nr4, nr3]
nr3:[nr4, nr1]
Input Membrane: 3
Ouput Membranes: 7

********************************************************************
Input Membrane: 3:[]'nr0
Step: 3
Trying to receive input spikes from the input spike train...
Input Membrane
3:[]'nr0
Adding 1 spikes in this step
After execution Input Membrane
3:[a]'nr0
Cells: 0:[]'environment, 1:[]'buff1, 2:[a]'buff2, 3:[a]'nr0, 4:[a]'nr1, 5:[a]'nr2, 6:[]'nr3, 7:[]'nr4
Arcs: 
{1=[2], 2=[1], 7=[0], 3=[4], 4=[4, 5], 5=[6, 7], 6=[4, 7]}
Arcs Info: 
{<1,2>=<edges=<1,2>,w=1,ast=[]>, <2,1>=<edges=<2,1>,w=1,ast=[]>, <7,0>=<edges=<7,0>,w=1,ast=[]>, <3,4>=<edges=<3,4>,w=1,ast=[]>, <4,4>=<edges=<4,4>,w=1,ast=[]>, <4,5>=<edges=<4,5>,w=1,ast=[]>, <5,6>=<edges=<5,6>,w=1,ast=[]>, <5,7>=<edges=<5,7>,w=1,ast=[]>, <6,4>=<edges=<6,4>,w=1,ast=[]>, <6,7>=<edges=<6,7>,w=1,ast=[]>}
Dictionary: 
buff1:[buff2]
buff2:[buff1]
nr0:[nr1]
nr1:[nr1, nr2]
nr2:[nr4, nr3]
nr3:[nr4, nr1]
Input Membrane: 3
Ouput Membranes: 7
********************************************************************
Execution Results at step: 3

Binary Sequence:

{7=[0, 0, 0]}

Natural Sequence:

{7=[]}


Trying execution for...
2:[a]'buff2
Executing rule...
#2 [a]'buff2 --> [a]
Target Membrane
1:[]'buff1
After execution Target Membrane
1:[a]'buff1
Cells: 0:[]'environment, 1:[a]'buff1, 2:[]'buff2, 3:[a]'nr0, 4:[a]'nr1, 5:[a]'nr2, 6:[]'nr3, 7:[]'nr4
Arcs: 
{1=[2], 2=[1], 7=[0], 3=[4], 4=[4, 5], 5=[6, 7], 6=[4, 7]}
Arcs Info: 
{<1,2>=<edges=<1,2>,w=1,ast=[]>, <2,1>=<edges=<2,1>,w=1,ast=[]>, <7,0>=<edges=<7,0>,w=1,ast=[]>, <3,4>=<edges=<3,4>,w=1,ast=[]>, <4,4>=<edges=<4,4>,w=1,ast=[]>, <4,5>=<edges=<4,5>,w=1,ast=[]>, <5,6>=<edges=<5,6>,w=1,ast=[]>, <5,7>=<edges=<5,7>,w=1,ast=[]>, <6,4>=<edges=<6,4>,w=1,ast=[]>, <6,7>=<edges=<6,7>,w=1,ast=[]>}
Dictionary: 
buff1:[buff2]
buff2:[buff1]
nr0:[nr1]
nr1:[nr1, nr2]
nr2:[nr4, nr3]
nr3:[nr4, nr1]
Input Membrane: 3
Ouput Membranes: 7

********************************************************************
For membrane: buff2
Rule selected: #2 [a]'buff2 --> [a]
Rule fired?: true
Steps to open and fire (if zero fired now): 0
********************************************************************

Trying execution for...
3:[a]'nr0
Executing rule...
#3 [a]'nr0 --> [a]
Target Membrane
4:[a]'nr1
After execution Target Membrane
4:[a*2]'nr1
Cells: 0:[]'environment, 1:[a]'buff1, 2:[]'buff2, 3:[]'nr0, 4:[a*2]'nr1, 5:[a]'nr2, 6:[]'nr3, 7:[]'nr4
Arcs: 
{1=[2], 2=[1], 7=[0], 3=[4], 4=[4, 5], 5=[6, 7], 6=[4, 7]}
Arcs Info: 
{<1,2>=<edges=<1,2>,w=1,ast=[]>, <2,1>=<edges=<2,1>,w=1,ast=[]>, <7,0>=<edges=<7,0>,w=1,ast=[]>, <3,4>=<edges=<3,4>,w=1,ast=[]>, <4,4>=<edges=<4,4>,w=1,ast=[]>, <4,5>=<edges=<4,5>,w=1,ast=[]>, <5,6>=<edges=<5,6>,w=1,ast=[]>, <5,7>=<edges=<5,7>,w=1,ast=[]>, <6,4>=<edges=<6,4>,w=1,ast=[]>, <6,7>=<edges=<6,7>,w=1,ast=[]>}
Dictionary: 
buff1:[buff2]
buff2:[buff1]
nr0:[nr1]
nr1:[nr1, nr2]
nr2:[nr4, nr3]
nr3:[nr4, nr1]
Input Membrane: 3
Ouput Membranes: 7

********************************************************************
For membrane: nr0
Rule selected: #3 [a]'nr0 --> [a]
Rule fired?: true
Steps to open and fire (if zero fired now): 0
********************************************************************

Trying execution for...
4:[a*2]'nr1
Executing rule...
#4 [a]'nr1 --> [a]
Target Membrane
4:[a*2]'nr1
After execution Target Membrane
4:[a*3]'nr1
Target Membrane
5:[a]'nr2
After execution Target Membrane
5:[a*2]'nr2
Cells: 0:[]'environment, 1:[a]'buff1, 2:[]'buff2, 3:[]'nr0, 4:[a*2]'nr1, 5:[a*2]'nr2, 6:[]'nr3, 7:[]'nr4
Arcs: 
{1=[2], 2=[1], 7=[0], 3=[4], 4=[4, 5], 5=[6, 7], 6=[4, 7]}
Arcs Info: 
{<1,2>=<edges=<1,2>,w=1,ast=[]>, <2,1>=<edges=<2,1>,w=1,ast=[]>, <7,0>=<edges=<7,0>,w=1,ast=[]>, <3,4>=<edges=<3,4>,w=1,ast=[]>, <4,4>=<edges=<4,4>,w=1,ast=[]>, <4,5>=<edges=<4,5>,w=1,ast=[]>, <5,6>=<edges=<5,6>,w=1,ast=[]>, <5,7>=<edges=<5,7>,w=1,ast=[]>, <6,4>=<edges=<6,4>,w=1,ast=[]>, <6,7>=<edges=<6,7>,w=1,ast=[]>}
Dictionary: 
buff1:[buff2]
buff2:[buff1]
nr0:[nr1]
nr1:[nr1, nr2]
nr2:[nr4, nr3]
nr3:[nr4, nr1]
Input Membrane: 3
Ouput Membranes: 7

********************************************************************
For membrane: nr1
Rule selected: #4 [a]'nr1 --> [a]
Rule fired?: true
Steps to open and fire (if zero fired now): 0
********************************************************************

Trying execution for...
5:[a*2]'nr2
Executing rule...
#5 [a]'nr2 --> [a]
Target Membrane
6:[]'nr3
After execution Target Membrane
6:[a]'nr3
Target Membrane
7:[]'nr4
After execution Target Membrane
7:[a]'nr4
Cells: 0:[]'environment, 1:[a]'buff1, 2:[]'buff2, 3:[]'nr0, 4:[a*2]'nr1, 5:[a]'nr2, 6:[a]'nr3, 7:[a]'nr4
Arcs: 
{1=[2], 2=[1], 7=[0], 3=[4], 4=[4, 5], 5=[6, 7], 6=[4, 7]}
Arcs Info: 
{<1,2>=<edges=<1,2>,w=1,ast=[]>, <2,1>=<edges=<2,1>,w=1,ast=[]>, <7,0>=<edges=<7,0>,w=1,ast=[]>, <3,4>=<edges=<3,4>,w=1,ast=[]>, <4,4>=<edges=<4,4>,w=1,ast=[]>, <4,5>=<edges=<4,5>,w=1,ast=[]>, <5,6>=<edges=<5,6>,w=1,ast=[]>, <5,7>=<edges=<5,7>,w=1,ast=[]>, <6,4>=<edges=<6,4>,w=1,ast=[]>, <6,7>=<edges=<6,7>,w=1,ast=[]>}
Dictionary: 
buff1:[buff2]
buff2:[buff1]
nr0:[nr1]
nr1:[nr1, nr2]
nr2:[nr4, nr3]
nr3:[nr4, nr1]
Input Membrane: 3
Ouput Membranes: 7

********************************************************************
For membrane: nr2
Rule selected: #5 [a]'nr2 --> [a]
Rule fired?: true
Steps to open and fire (if zero fired now): 0
********************************************************************
Executing flush!!!!!
Cells: 0:[]'environment, 1:[a]'buff1, 2:[]'buff2, 3:[]'nr0, 4:[a*2]'nr1, 5:[a]'nr2, 6:[a]'nr3, 7:[a]'nr4
Arcs: 
{1=[2], 2=[1], 7=[0], 3=[4], 4=[4, 5], 5=[6, 7], 6=[4, 7]}
Arcs Info: 
{<1,2>=<edges=<1,2>,w=1,ast=[]>, <2,1>=<edges=<2,1>,w=1,ast=[]>, <7,0>=<edges=<7,0>,w=1,ast=[]>, <3,4>=<edges=<3,4>,w=1,ast=[]>, <4,4>=<edges=<4,4>,w=1,ast=[]>, <4,5>=<edges=<4,5>,w=1,ast=[]>, <5,6>=<edges=<5,6>,w=1,ast=[]>, <5,7>=<edges=<5,7>,w=1,ast=[]>, <6,4>=<edges=<6,4>,w=1,ast=[]>, <6,7>=<edges=<6,7>,w=1,ast=[]>}
Dictionary: 
buff1:[buff2]
buff2:[buff1]
nr0:[nr1]
nr1:[nr1, nr2]
nr2:[nr4, nr3]
nr3:[nr4, nr1]
Input Membrane: 3
Ouput Membranes: 7

********************************************************************
Input Membrane: 3:[]'nr0
Step: 4
Trying to receive input spikes from the input spike train...
zero input spikes for this step, not doing anything
********************************************************************
Execution Results at step: 4

Binary Sequence:

{7=[0, 0, 0, 0]}

Natural Sequence:

{7=[]}


Trying execution for...
1:[a]'buff1
Executing rule...
#1 [a]'buff1 --> [a]
Target Membrane
2:[]'buff2
After execution Target Membrane
2:[a]'buff2
Cells: 0:[]'environment, 1:[]'buff1, 2:[a]'buff2, 3:[]'nr0, 4:[a*2]'nr1, 5:[a]'nr2, 6:[a]'nr3, 7:[a]'nr4
Arcs: 
{1=[2], 2=[1], 7=[0], 3=[4], 4=[4, 5], 5=[6, 7], 6=[4, 7]}
Arcs Info: 
{<1,2>=<edges=<1,2>,w=1,ast=[]>, <2,1>=<edges=<2,1>,w=1,ast=[]>, <7,0>=<edges=<7,0>,w=1,ast=[]>, <3,4>=<edges=<3,4>,w=1,ast=[]>, <4,4>=<edges=<4,4>,w=1,ast=[]>, <4,5>=<edges=<4,5>,w=1,ast=[]>, <5,6>=<edges=<5,6>,w=1,ast=[]>, <5,7>=<edges=<5,7>,w=1,ast=[]>, <6,4>=<edges=<6,4>,w=1,ast=[]>, <6,7>=<edges=<6,7>,w=1,ast=[]>}
Dictionary: 
buff1:[buff2]
buff2:[buff1]
nr0:[nr1]
nr1:[nr1, nr2]
nr2:[nr4, nr3]
nr3:[nr4, nr1]
Input Membrane: 3
Ouput Membranes: 7

********************************************************************
For membrane: buff1
Rule selected: #1 [a]'buff1 --> [a]
Rule fired?: true
Steps to open and fire (if zero fired now): 0
********************************************************************

Trying execution for...
5:[a]'nr2
Executing rule...
#5 [a]'nr2 --> [a]
Target Membrane
6:[a]'nr3
After execution Target Membrane
6:[a*2]'nr3
Target Membrane
7:[a]'nr4
After execution Target Membrane
7:[a*2]'nr4
Cells: 0:[]'environment, 1:[]'buff1, 2:[a]'buff2, 3:[]'nr0, 4:[a*2]'nr1, 5:[]'nr2, 6:[a*2]'nr3, 7:[a*2]'nr4
Arcs: 
{1=[2], 2=[1], 7=[0], 3=[4], 4=[4, 5], 5=[6, 7], 6=[4, 7]}
Arcs Info: 
{<1,2>=<edges=<1,2>,w=1,ast=[]>, <2,1>=<edges=<2,1>,w=1,ast=[]>, <7,0>=<edges=<7,0>,w=1,ast=[]>, <3,4>=<edges=<3,4>,w=1,ast=[]>, <4,4>=<edges=<4,4>,w=1,ast=[]>, <4,5>=<edges=<4,5>,w=1,ast=[]>, <5,6>=<edges=<5,6>,w=1,ast=[]>, <5,7>=<edges=<5,7>,w=1,ast=[]>, <6,4>=<edges=<6,4>,w=1,ast=[]>, <6,7>=<edges=<6,7>,w=1,ast=[]>}
Dictionary: 
buff1:[buff2]
buff2:[buff1]
nr0:[nr1]
nr1:[nr1, nr2]
nr2:[nr4, nr3]
nr3:[nr4, nr1]
Input Membrane: 3
Ouput Membranes: 7

********************************************************************
For membrane: nr2
Rule selected: #5 [a]'nr2 --> [a]
Rule fired?: true
Steps to open and fire (if zero fired now): 0
********************************************************************

Trying execution for...
6:[a*2]'nr3
Executing rule...
#6 [a]'nr3 --> [a]
Target Membrane
4:[a*2]'nr1
After execution Target Membrane
4:[a*3]'nr1
Target Membrane
7:[a*2]'nr4
After execution Target Membrane
7:[a*3]'nr4
Cells: 0:[]'environment, 1:[]'buff1, 2:[a]'buff2, 3:[]'nr0, 4:[a*3]'nr1, 5:[]'nr2, 6:[a]'nr3, 7:[a*3]'nr4
Arcs: 
{1=[2], 2=[1], 7=[0], 3=[4], 4=[4, 5], 5=[6, 7], 6=[4, 7]}
Arcs Info: 
{<1,2>=<edges=<1,2>,w=1,ast=[]>, <2,1>=<edges=<2,1>,w=1,ast=[]>, <7,0>=<edges=<7,0>,w=1,ast=[]>, <3,4>=<edges=<3,4>,w=1,ast=[]>, <4,4>=<edges=<4,4>,w=1,ast=[]>, <4,5>=<edges=<4,5>,w=1,ast=[]>, <5,6>=<edges=<5,6>,w=1,ast=[]>, <5,7>=<edges=<5,7>,w=1,ast=[]>, <6,4>=<edges=<6,4>,w=1,ast=[]>, <6,7>=<edges=<6,7>,w=1,ast=[]>}
Dictionary: 
buff1:[buff2]
buff2:[buff1]
nr0:[nr1]
nr1:[nr1, nr2]
nr2:[nr4, nr3]
nr3:[nr4, nr1]
Input Membrane: 3
Ouput Membranes: 7

********************************************************************
For membrane: nr3
Rule selected: #6 [a]'nr3 --> [a]
Rule fired?: true
Steps to open and fire (if zero fired now): 0
********************************************************************

Trying execution for...
7:[a*3]'nr4
Executing rule...
#7 [a]'nr4 --> [a]
Target Membrane
0:[]'environment
After execution Target Membrane
0:[a]'environment
Cells: 0:[a]'environment, 1:[]'buff1, 2:[a]'buff2, 3:[]'nr0, 4:[a*3]'nr1, 5:[]'nr2, 6:[a]'nr3, 7:[a*2]'nr4
Arcs: 
{1=[2], 2=[1], 7=[0], 3=[4], 4=[4, 5], 5=[6, 7], 6=[4, 7]}
Arcs Info: 
{<1,2>=<edges=<1,2>,w=1,ast=[]>, <2,1>=<edges=<2,1>,w=1,ast=[]>, <7,0>=<edges=<7,0>,w=1,ast=[]>, <3,4>=<edges=<3,4>,w=1,ast=[]>, <4,4>=<edges=<4,4>,w=1,ast=[]>, <4,5>=<edges=<4,5>,w=1,ast=[]>, <5,6>=<edges=<5,6>,w=1,ast=[]>, <5,7>=<edges=<5,7>,w=1,ast=[]>, <6,4>=<edges=<6,4>,w=1,ast=[]>, <6,7>=<edges=<6,7>,w=1,ast=[]>}
Dictionary: 
buff1:[buff2]
buff2:[buff1]
nr0:[nr1]
nr1:[nr1, nr2]
nr2:[nr4, nr3]
nr3:[nr4, nr1]
Input Membrane: 3
Ouput Membranes: 7

********************************************************************
For membrane: nr4
Rule selected: #7 [a]'nr4 --> [a]
Rule fired?: true
Steps to open and fire (if zero fired now): 0
********************************************************************
Executing flush!!!!!
Cells: 0:[a]'environment, 1:[]'buff1, 2:[a]'buff2, 3:[]'nr0, 4:[a*3]'nr1, 5:[]'nr2, 6:[a]'nr3, 7:[a*2]'nr4
Arcs: 
{1=[2], 2=[1], 7=[0], 3=[4], 4=[4, 5], 5=[6, 7], 6=[4, 7]}
Arcs Info: 
{<1,2>=<edges=<1,2>,w=1,ast=[]>, <2,1>=<edges=<2,1>,w=1,ast=[]>, <7,0>=<edges=<7,0>,w=1,ast=[]>, <3,4>=<edges=<3,4>,w=1,ast=[]>, <4,4>=<edges=<4,4>,w=1,ast=[]>, <4,5>=<edges=<4,5>,w=1,ast=[]>, <5,6>=<edges=<5,6>,w=1,ast=[]>, <5,7>=<edges=<5,7>,w=1,ast=[]>, <6,4>=<edges=<6,4>,w=1,ast=[]>, <6,7>=<edges=<6,7>,w=1,ast=[]>}
Dictionary: 
buff1:[buff2]
buff2:[buff1]
nr0:[nr1]
nr1:[nr1, nr2]
nr2:[nr4, nr3]
nr3:[nr4, nr1]
Input Membrane: 3
Ouput Membranes: 7

********************************************************************
Input Membrane: 3:[]'nr0
Step: 5
Trying to receive input spikes from the input spike train...
Input Membrane
3:[]'nr0
Adding 1 spikes in this step
After execution Input Membrane
3:[a]'nr0
Cells: 0:[a]'environment, 1:[]'buff1, 2:[a]'buff2, 3:[a]'nr0, 4:[a*3]'nr1, 5:[]'nr2, 6:[a]'nr3, 7:[a*2]'nr4
Arcs: 
{1=[2], 2=[1], 7=[0], 3=[4], 4=[4, 5], 5=[6, 7], 6=[4, 7]}
Arcs Info: 
{<1,2>=<edges=<1,2>,w=1,ast=[]>, <2,1>=<edges=<2,1>,w=1,ast=[]>, <7,0>=<edges=<7,0>,w=1,ast=[]>, <3,4>=<edges=<3,4>,w=1,ast=[]>, <4,4>=<edges=<4,4>,w=1,ast=[]>, <4,5>=<edges=<4,5>,w=1,ast=[]>, <5,6>=<edges=<5,6>,w=1,ast=[]>, <5,7>=<edges=<5,7>,w=1,ast=[]>, <6,4>=<edges=<6,4>,w=1,ast=[]>, <6,7>=<edges=<6,7>,w=1,ast=[]>}
Dictionary: 
buff1:[buff2]
buff2:[buff1]
nr0:[nr1]
nr1:[nr1, nr2]
nr2:[nr4, nr3]
nr3:[nr4, nr1]
Input Membrane: 3
Ouput Membranes: 7
********************************************************************
Execution Results at step: 5

Binary Sequence:

{7=[0, 0, 0, 0, 1]}

Natural Sequence:

{7=[5]}


Trying execution for...
2:[a]'buff2
Executing rule...
#2 [a]'buff2 --> [a]
Target Membrane
1:[]'buff1
After execution Target Membrane
1:[a]'buff1
Cells: 0:[a]'environment, 1:[a]'buff1, 2:[]'buff2, 3:[a]'nr0, 4:[a*3]'nr1, 5:[]'nr2, 6:[a]'nr3, 7:[a*2]'nr4
Arcs: 
{1=[2], 2=[1], 7=[0], 3=[4], 4=[4, 5], 5=[6, 7], 6=[4, 7]}
Arcs Info: 
{<1,2>=<edges=<1,2>,w=1,ast=[]>, <2,1>=<edges=<2,1>,w=1,ast=[]>, <7,0>=<edges=<7,0>,w=1,ast=[]>, <3,4>=<edges=<3,4>,w=1,ast=[]>, <4,4>=<edges=<4,4>,w=1,ast=[]>, <4,5>=<edges=<4,5>,w=1,ast=[]>, <5,6>=<edges=<5,6>,w=1,ast=[]>, <5,7>=<edges=<5,7>,w=1,ast=[]>, <6,4>=<edges=<6,4>,w=1,ast=[]>, <6,7>=<edges=<6,7>,w=1,ast=[]>}
Dictionary: 
buff1:[buff2]
buff2:[buff1]
nr0:[nr1]
nr1:[nr1, nr2]
nr2:[nr4, nr3]
nr3:[nr4, nr1]
Input Membrane: 3
Ouput Membranes: 7

********************************************************************
For membrane: buff2
Rule selected: #2 [a]'buff2 --> [a]
Rule fired?: true
Steps to open and fire (if zero fired now): 0
********************************************************************

Trying execution for...
3:[a]'nr0
Executing rule...
#3 [a]'nr0 --> [a]
Target Membrane
4:[a*3]'nr1
After execution Target Membrane
4:[a*4]'nr1
Cells: 0:[a]'environment, 1:[a]'buff1, 2:[]'buff2, 3:[]'nr0, 4:[a*4]'nr1, 5:[]'nr2, 6:[a]'nr3, 7:[a*2]'nr4
Arcs: 
{1=[2], 2=[1], 7=[0], 3=[4], 4=[4, 5], 5=[6, 7], 6=[4, 7]}
Arcs Info: 
{<1,2>=<edges=<1,2>,w=1,ast=[]>, <2,1>=<edges=<2,1>,w=1,ast=[]>, <7,0>=<edges=<7,0>,w=1,ast=[]>, <3,4>=<edges=<3,4>,w=1,ast=[]>, <4,4>=<edges=<4,4>,w=1,ast=[]>, <4,5>=<edges=<4,5>,w=1,ast=[]>, <5,6>=<edges=<5,6>,w=1,ast=[]>, <5,7>=<edges=<5,7>,w=1,ast=[]>, <6,4>=<edges=<6,4>,w=1,ast=[]>, <6,7>=<edges=<6,7>,w=1,ast=[]>}
Dictionary: 
buff1:[buff2]
buff2:[buff1]
nr0:[nr1]
nr1:[nr1, nr2]
nr2:[nr4, nr3]
nr3:[nr4, nr1]
Input Membrane: 3
Ouput Membranes: 7

********************************************************************
For membrane: nr0
Rule selected: #3 [a]'nr0 --> [a]
Rule fired?: true
Steps to open and fire (if zero fired now): 0
********************************************************************

Trying execution for...
6:[a]'nr3
Executing rule...
#6 [a]'nr3 --> [a]
Target Membrane
4:[a*4]'nr1
After execution Target Membrane
4:[a*5]'nr1
Target Membrane
7:[a*2]'nr4
After execution Target Membrane
7:[a*3]'nr4
Cells: 0:[a]'environment, 1:[a]'buff1, 2:[]'buff2, 3:[]'nr0, 4:[a*5]'nr1, 5:[]'nr2, 6:[]'nr3, 7:[a*3]'nr4
Arcs: 
{1=[2], 2=[1], 7=[0], 3=[4], 4=[4, 5], 5=[6, 7], 6=[4, 7]}
Arcs Info: 
{<1,2>=<edges=<1,2>,w=1,ast=[]>, <2,1>=<edges=<2,1>,w=1,ast=[]>, <7,0>=<edges=<7,0>,w=1,ast=[]>, <3,4>=<edges=<3,4>,w=1,ast=[]>, <4,4>=<edges=<4,4>,w=1,ast=[]>, <4,5>=<edges=<4,5>,w=1,ast=[]>, <5,6>=<edges=<5,6>,w=1,ast=[]>, <5,7>=<edges=<5,7>,w=1,ast=[]>, <6,4>=<edges=<6,4>,w=1,ast=[]>, <6,7>=<edges=<6,7>,w=1,ast=[]>}
Dictionary: 
buff1:[buff2]
buff2:[buff1]
nr0:[nr1]
nr1:[nr1, nr2]
nr2:[nr4, nr3]
nr3:[nr4, nr1]
Input Membrane: 3
Ouput Membranes: 7

********************************************************************
For membrane: nr3
Rule selected: #6 [a]'nr3 --> [a]
Rule fired?: true
Steps to open and fire (if zero fired now): 0
********************************************************************
Executing flush!!!!!
Cells: 0:[a]'environment, 1:[a]'buff1, 2:[]'buff2, 3:[]'nr0, 4:[a*5]'nr1, 5:[]'nr2, 6:[]'nr3, 7:[a*3]'nr4
Arcs: 
{1=[2], 2=[1], 7=[0], 3=[4], 4=[4, 5], 5=[6, 7], 6=[4, 7]}
Arcs Info: 
{<1,2>=<edges=<1,2>,w=1,ast=[]>, <2,1>=<edges=<2,1>,w=1,ast=[]>, <7,0>=<edges=<7,0>,w=1,ast=[]>, <3,4>=<edges=<3,4>,w=1,ast=[]>, <4,4>=<edges=<4,4>,w=1,ast=[]>, <4,5>=<edges=<4,5>,w=1,ast=[]>, <5,6>=<edges=<5,6>,w=1,ast=[]>, <5,7>=<edges=<5,7>,w=1,ast=[]>, <6,4>=<edges=<6,4>,w=1,ast=[]>, <6,7>=<edges=<6,7>,w=1,ast=[]>}
Dictionary: 
buff1:[buff2]
buff2:[buff1]
nr0:[nr1]
nr1:[nr1, nr2]
nr2:[nr4, nr3]
nr3:[nr4, nr1]
Input Membrane: 3
Ouput Membranes: 7

********************************************************************
Input Membrane: 3:[]'nr0
Step: 6
Trying to receive input spikes from the input spike train...
zero input spikes for this step, not doing anything
********************************************************************
Execution Results at step: 6

Binary Sequence:

{7=[0, 0, 0, 0, 1, 0]}

Natural Sequence:

{7=[5]}


Trying execution for...
1:[a]'buff1
Executing rule...
#1 [a]'buff1 --> [a]
Target Membrane
2:[]'buff2
After execution Target Membrane
2:[a]'buff2
Cells: 0:[a]'environment, 1:[]'buff1, 2:[a]'buff2, 3:[]'nr0, 4:[a*5]'nr1, 5:[]'nr2, 6:[]'nr3, 7:[a*3]'nr4
Arcs: 
{1=[2], 2=[1], 7=[0], 3=[4], 4=[4, 5], 5=[6, 7], 6=[4, 7]}
Arcs Info: 
{<1,2>=<edges=<1,2>,w=1,ast=[]>, <2,1>=<edges=<2,1>,w=1,ast=[]>, <7,0>=<edges=<7,0>,w=1,ast=[]>, <3,4>=<edges=<3,4>,w=1,ast=[]>, <4,4>=<edges=<4,4>,w=1,ast=[]>, <4,5>=<edges=<4,5>,w=1,ast=[]>, <5,6>=<edges=<5,6>,w=1,ast=[]>, <5,7>=<edges=<5,7>,w=1,ast=[]>, <6,4>=<edges=<6,4>,w=1,ast=[]>, <6,7>=<edges=<6,7>,w=1,ast=[]>}
Dictionary: 
buff1:[buff2]
buff2:[buff1]
nr0:[nr1]
nr1:[nr1, nr2]
nr2:[nr4, nr3]
nr3:[nr4, nr1]
Input Membrane: 3
Ouput Membranes: 7

********************************************************************
For membrane: buff1
Rule selected: #1 [a]'buff1 --> [a]
Rule fired?: true
Steps to open and fire (if zero fired now): 0
********************************************************************
Executing flush!!!!!
Cells: 0:[a]'environment, 1:[]'buff1, 2:[a]'buff2, 3:[]'nr0, 4:[a*5]'nr1, 5:[]'nr2, 6:[]'nr3, 7:[a*3]'nr4
Arcs: 
{1=[2], 2=[1], 7=[0], 3=[4], 4=[4, 5], 5=[6, 7], 6=[4, 7]}
Arcs Info: 
{<1,2>=<edges=<1,2>,w=1,ast=[]>, <2,1>=<edges=<2,1>,w=1,ast=[]>, <7,0>=<edges=<7,0>,w=1,ast=[]>, <3,4>=<edges=<3,4>,w=1,ast=[]>, <4,4>=<edges=<4,4>,w=1,ast=[]>, <4,5>=<edges=<4,5>,w=1,ast=[]>, <5,6>=<edges=<5,6>,w=1,ast=[]>, <5,7>=<edges=<5,7>,w=1,ast=[]>, <6,4>=<edges=<6,4>,w=1,ast=[]>, <6,7>=<edges=<6,7>,w=1,ast=[]>}
Dictionary: 
buff1:[buff2]
buff2:[buff1]
nr0:[nr1]
nr1:[nr1, nr2]
nr2:[nr4, nr3]
nr3:[nr4, nr1]
Input Membrane: 3
Ouput Membranes: 7

********************************************************************
Input Membrane: 3:[]'nr0
Step: 7
Trying to receive input spikes from the input spike train...
Input Membrane
3:[]'nr0
Adding 1 spikes in this step
After execution Input Membrane
3:[a]'nr0
Cells: 0:[a]'environment, 1:[]'buff1, 2:[a]'buff2, 3:[a]'nr0, 4:[a*5]'nr1, 5:[]'nr2, 6:[]'nr3, 7:[a*3]'nr4
Arcs: 
{1=[2], 2=[1], 7=[0], 3=[4], 4=[4, 5], 5=[6, 7], 6=[4, 7]}
Arcs Info: 
{<1,2>=<edges=<1,2>,w=1,ast=[]>, <2,1>=<edges=<2,1>,w=1,ast=[]>, <7,0>=<edges=<7,0>,w=1,ast=[]>, <3,4>=<edges=<3,4>,w=1,ast=[]>, <4,4>=<edges=<4,4>,w=1,ast=[]>, <4,5>=<edges=<4,5>,w=1,ast=[]>, <5,6>=<edges=<5,6>,w=1,ast=[]>, <5,7>=<edges=<5,7>,w=1,ast=[]>, <6,4>=<edges=<6,4>,w=1,ast=[]>, <6,7>=<edges=<6,7>,w=1,ast=[]>}
Dictionary: 
buff1:[buff2]
buff2:[buff1]
nr0:[nr1]
nr1:[nr1, nr2]
nr2:[nr4, nr3]
nr3:[nr4, nr1]
Input Membrane: 3
Ouput Membranes: 7
********************************************************************
Execution Results at step: 7

Binary Sequence:

{7=[0, 0, 0, 0, 1, 0, 0]}

Natural Sequence:

{7=[5]}


Trying execution for...
2:[a]'buff2
Executing rule...
#2 [a]'buff2 --> [a]
Target Membrane
1:[]'buff1
After execution Target Membrane
1:[a]'buff1
Cells: 0:[a]'environment, 1:[a]'buff1, 2:[]'buff2, 3:[a]'nr0, 4:[a*5]'nr1, 5:[]'nr2, 6:[]'nr3, 7:[a*3]'nr4
Arcs: 
{1=[2], 2=[1], 7=[0], 3=[4], 4=[4, 5], 5=[6, 7], 6=[4, 7]}
Arcs Info: 
{<1,2>=<edges=<1,2>,w=1,ast=[]>, <2,1>=<edges=<2,1>,w=1,ast=[]>, <7,0>=<edges=<7,0>,w=1,ast=[]>, <3,4>=<edges=<3,4>,w=1,ast=[]>, <4,4>=<edges=<4,4>,w=1,ast=[]>, <4,5>=<edges=<4,5>,w=1,ast=[]>, <5,6>=<edges=<5,6>,w=1,ast=[]>, <5,7>=<edges=<5,7>,w=1,ast=[]>, <6,4>=<edges=<6,4>,w=1,ast=[]>, <6,7>=<edges=<6,7>,w=1,ast=[]>}
Dictionary: 
buff1:[buff2]
buff2:[buff1]
nr0:[nr1]
nr1:[nr1, nr2]
nr2:[nr4, nr3]
nr3:[nr4, nr1]
Input Membrane: 3
Ouput Membranes: 7

********************************************************************
For membrane: buff2
Rule selected: #2 [a]'buff2 --> [a]
Rule fired?: true
Steps to open and fire (if zero fired now): 0
********************************************************************

Trying execution for...
3:[a]'nr0
Executing rule...
#3 [a]'nr0 --> [a]
Target Membrane
4:[a*5]'nr1
After execution Target Membrane
4:[a*6]'nr1
Cells: 0:[a]'environment, 1:[a]'buff1, 2:[]'buff2, 3:[]'nr0, 4:[a*6]'nr1, 5:[]'nr2, 6:[]'nr3, 7:[a*3]'nr4
Arcs: 
{1=[2], 2=[1], 7=[0], 3=[4], 4=[4, 5], 5=[6, 7], 6=[4, 7]}
Arcs Info: 
{<1,2>=<edges=<1,2>,w=1,ast=[]>, <2,1>=<edges=<2,1>,w=1,ast=[]>, <7,0>=<edges=<7,0>,w=1,ast=[]>, <3,4>=<edges=<3,4>,w=1,ast=[]>, <4,4>=<edges=<4,4>,w=1,ast=[]>, <4,5>=<edges=<4,5>,w=1,ast=[]>, <5,6>=<edges=<5,6>,w=1,ast=[]>, <5,7>=<edges=<5,7>,w=1,ast=[]>, <6,4>=<edges=<6,4>,w=1,ast=[]>, <6,7>=<edges=<6,7>,w=1,ast=[]>}
Dictionary: 
buff1:[buff2]
buff2:[buff1]
nr0:[nr1]
nr1:[nr1, nr2]
nr2:[nr4, nr3]
nr3:[nr4, nr1]
Input Membrane: 3
Ouput Membranes: 7

********************************************************************
For membrane: nr0
Rule selected: #3 [a]'nr0 --> [a]
Rule fired?: true
Steps to open and fire (if zero fired now): 0
********************************************************************
Executing flush!!!!!
Cells: 0:[a]'environment, 1:[a]'buff1, 2:[]'buff2, 3:[]'nr0, 4:[a*6]'nr1, 5:[]'nr2, 6:[]'nr3, 7:[a*3]'nr4
Arcs: 
{1=[2], 2=[1], 7=[0], 3=[4], 4=[4, 5], 5=[6, 7], 6=[4, 7]}
Arcs Info: 
{<1,2>=<edges=<1,2>,w=1,ast=[]>, <2,1>=<edges=<2,1>,w=1,ast=[]>, <7,0>=<edges=<7,0>,w=1,ast=[]>, <3,4>=<edges=<3,4>,w=1,ast=[]>, <4,4>=<edges=<4,4>,w=1,ast=[]>, <4,5>=<edges=<4,5>,w=1,ast=[]>, <5,6>=<edges=<5,6>,w=1,ast=[]>, <5,7>=<edges=<5,7>,w=1,ast=[]>, <6,4>=<edges=<6,4>,w=1,ast=[]>, <6,7>=<edges=<6,7>,w=1,ast=[]>}
Dictionary: 
buff1:[buff2]
buff2:[buff1]
nr0:[nr1]
nr1:[nr1, nr2]
nr2:[nr4, nr3]
nr3:[nr4, nr1]
Input Membrane: 3
Ouput Membranes: 7

********************************************************************
Input Membrane: 3:[]'nr0
Step: 8
Trying to receive input spikes from the input spike train...
zero input spikes for this step, not doing anything
********************************************************************
Execution Results at step: 8

Binary Sequence:

{7=[0, 0, 0, 0, 1, 0, 0, 0]}

Natural Sequence:

{7=[5]}


Trying execution for...
1:[a]'buff1
Executing rule...
#1 [a]'buff1 --> [a]
Target Membrane
2:[]'buff2
After execution Target Membrane
2:[a]'buff2
Cells: 0:[a]'environment, 1:[]'buff1, 2:[a]'buff2, 3:[]'nr0, 4:[a*6]'nr1, 5:[]'nr2, 6:[]'nr3, 7:[a*3]'nr4
Arcs: 
{1=[2], 2=[1], 7=[0], 3=[4], 4=[4, 5], 5=[6, 7], 6=[4, 7]}
Arcs Info: 
{<1,2>=<edges=<1,2>,w=1,ast=[]>, <2,1>=<edges=<2,1>,w=1,ast=[]>, <7,0>=<edges=<7,0>,w=1,ast=[]>, <3,4>=<edges=<3,4>,w=1,ast=[]>, <4,4>=<edges=<4,4>,w=1,ast=[]>, <4,5>=<edges=<4,5>,w=1,ast=[]>, <5,6>=<edges=<5,6>,w=1,ast=[]>, <5,7>=<edges=<5,7>,w=1,ast=[]>, <6,4>=<edges=<6,4>,w=1,ast=[]>, <6,7>=<edges=<6,7>,w=1,ast=[]>}
Dictionary: 
buff1:[buff2]
buff2:[buff1]
nr0:[nr1]
nr1:[nr1, nr2]
nr2:[nr4, nr3]
nr3:[nr4, nr1]
Input Membrane: 3
Ouput Membranes: 7

********************************************************************
For membrane: buff1
Rule selected: #1 [a]'buff1 --> [a]
Rule fired?: true
Steps to open and fire (if zero fired now): 0
********************************************************************
Executing flush!!!!!
Cells: 0:[a]'environment, 1:[]'buff1, 2:[a]'buff2, 3:[]'nr0, 4:[a*6]'nr1, 5:[]'nr2, 6:[]'nr3, 7:[a*3]'nr4
Arcs: 
{1=[2], 2=[1], 7=[0], 3=[4], 4=[4, 5], 5=[6, 7], 6=[4, 7]}
Arcs Info: 
{<1,2>=<edges=<1,2>,w=1,ast=[]>, <2,1>=<edges=<2,1>,w=1,ast=[]>, <7,0>=<edges=<7,0>,w=1,ast=[]>, <3,4>=<edges=<3,4>,w=1,ast=[]>, <4,4>=<edges=<4,4>,w=1,ast=[]>, <4,5>=<edges=<4,5>,w=1,ast=[]>, <5,6>=<edges=<5,6>,w=1,ast=[]>, <5,7>=<edges=<5,7>,w=1,ast=[]>, <6,4>=<edges=<6,4>,w=1,ast=[]>, <6,7>=<edges=<6,7>,w=1,ast=[]>}
Dictionary: 
buff1:[buff2]
buff2:[buff1]
nr0:[nr1]
nr1:[nr1, nr2]
nr2:[nr4, nr3]
nr3:[nr4, nr1]
Input Membrane: 3
Ouput Membranes: 7

********************************************************************
Input Membrane: 3:[]'nr0
Step: 9
Trying to receive input spikes from the input spike train...
zero input spikes for this step, not doing anything
********************************************************************
Execution Results at step: 9

Binary Sequence:

{7=[0, 0, 0, 0, 1, 0, 0, 0, 0]}

Natural Sequence:

{7=[5]}


Trying execution for...
2:[a]'buff2
Executing rule...
#2 [a]'buff2 --> [a]
Target Membrane
1:[]'buff1
After execution Target Membrane
1:[a]'buff1
Cells: 0:[a]'environment, 1:[a]'buff1, 2:[]'buff2, 3:[]'nr0, 4:[a*6]'nr1, 5:[]'nr2, 6:[]'nr3, 7:[a*3]'nr4
Arcs: 
{1=[2], 2=[1], 7=[0], 3=[4], 4=[4, 5], 5=[6, 7], 6=[4, 7]}
Arcs Info: 
{<1,2>=<edges=<1,2>,w=1,ast=[]>, <2,1>=<edges=<2,1>,w=1,ast=[]>, <7,0>=<edges=<7,0>,w=1,ast=[]>, <3,4>=<edges=<3,4>,w=1,ast=[]>, <4,4>=<edges=<4,4>,w=1,ast=[]>, <4,5>=<edges=<4,5>,w=1,ast=[]>, <5,6>=<edges=<5,6>,w=1,ast=[]>, <5,7>=<edges=<5,7>,w=1,ast=[]>, <6,4>=<edges=<6,4>,w=1,ast=[]>, <6,7>=<edges=<6,7>,w=1,ast=[]>}
Dictionary: 
buff1:[buff2]
buff2:[buff1]
nr0:[nr1]
nr1:[nr1, nr2]
nr2:[nr4, nr3]
nr3:[nr4, nr1]
Input Membrane: 3
Ouput Membranes: 7

********************************************************************
For membrane: buff2
Rule selected: #2 [a]'buff2 --> [a]
Rule fired?: true
Steps to open and fire (if zero fired now): 0
********************************************************************
Executing flush!!!!!
Cells: 0:[a]'environment, 1:[a]'buff1, 2:[]'buff2, 3:[]'nr0, 4:[a*6]'nr1, 5:[]'nr2, 6:[]'nr3, 7:[a*3]'nr4
Arcs: 
{1=[2], 2=[1], 7=[0], 3=[4], 4=[4, 5], 5=[6, 7], 6=[4, 7]}
Arcs Info: 
{<1,2>=<edges=<1,2>,w=1,ast=[]>, <2,1>=<edges=<2,1>,w=1,ast=[]>, <7,0>=<edges=<7,0>,w=1,ast=[]>, <3,4>=<edges=<3,4>,w=1,ast=[]>, <4,4>=<edges=<4,4>,w=1,ast=[]>, <4,5>=<edges=<4,5>,w=1,ast=[]>, <5,6>=<edges=<5,6>,w=1,ast=[]>, <5,7>=<edges=<5,7>,w=1,ast=[]>, <6,4>=<edges=<6,4>,w=1,ast=[]>, <6,7>=<edges=<6,7>,w=1,ast=[]>}
Dictionary: 
buff1:[buff2]
buff2:[buff1]
nr0:[nr1]
nr1:[nr1, nr2]
nr2:[nr4, nr3]
nr3:[nr4, nr1]
Input Membrane: 3
Ouput Membranes: 7

********************************************************************
Input Membrane: 3:[]'nr0
Step: 10
Trying to receive input spikes from the input spike train...
zero input spikes for this step, not doing anything
********************************************************************
Execution Results at step: 10

Binary Sequence:

{7=[0, 0, 0, 0, 1, 0, 0, 0, 0, 0]}

Natural Sequence:

{7=[5]}

Environment: a
Steps: 10
Time: 1.4000000000000001E-4 s.
Halting configuration (No rule can be selected to be executed in the next step)
