
***********************************************

    CONFIGURATION: 0
    TIME: 0.0 s.
    MEMORY USED: 31680
    FREE MEMORY: 25470
    TOTAL MEMORY: 494976

    CELL ID: 0, Label: environment
    Multiset: #

    CELL ID: 1, Label: buff1
    Multiset: a

    CELL ID: 2, Label: buff2
    Multiset: #

    CELL ID: 3, Label: nr0
    Multiset: #

    CELL ID: 4, Label: nr1
    Multiset: #

    CELL ID: 5, Label: nr2
    Multiset: #

    CELL ID: 6, Label: nr3
    Multiset: #

    CELL ID: 7, Label: nr4
    Multiset: #

-----------------------------------------------

    STEP: 1

    Rules selected for CELL ID: 1, Label: buff1
    1 * #1 [a]'buff1 --> [a]

***********************************************

    CONFIGURATION: 1
    TIME: 0.014 s.
    MEMORY USED: 31680
    FREE MEMORY: 24948
    TOTAL MEMORY: 494976

    CELL ID: 0, Label: environment
    Multiset: #

    CELL ID: 1, Label: buff1
    Multiset: #

    CELL ID: 2, Label: buff2
    Multiset: a

    CELL ID: 3, Label: nr0
    Multiset: a

    CELL ID: 4, Label: nr1
    Multiset: #

    CELL ID: 5, Label: nr2
    Multiset: #

    CELL ID: 6, Label: nr3
    Multiset: #

    CELL ID: 7, Label: nr4
    Multiset: #

-----------------------------------------------

    STEP: 2

    Rules selected for CELL ID: 2, Label: buff2
    1 * #2 [a]'buff2 --> [a]

    Rules selected for CELL ID: 3, Label: nr0
    1 * #3 [a]'nr0 --> [a]

***********************************************

    CONFIGURATION: 2
    TIME: 0.024 s.
    MEMORY USED: 31680
    FREE MEMORY: 24600
    TOTAL MEMORY: 494976

    CELL ID: 0, Label: environment
    Multiset: #

    CELL ID: 1, Label: buff1
    Multiset: a

    CELL ID: 2, Label: buff2
    Multiset: #

    CELL ID: 3, Label: nr0
    Multiset: #

    CELL ID: 4, Label: nr1
    Multiset: a

    CELL ID: 5, Label: nr2
    Multiset: #

    CELL ID: 6, Label: nr3
    Multiset: #

    CELL ID: 7, Label: nr4
    Multiset: #

-----------------------------------------------

    STEP: 3

    Rules selected for CELL ID: 1, Label: buff1
    1 * #1 [a]'buff1 --> [a]

    Rules selected for CELL ID: 4, Label: nr1
    1 * #4 [a]'nr1 --> [a]

***********************************************

    CONFIGURATION: 3
    TIME: 0.086 s.
    MEMORY USED: 31680
    FREE MEMORY: 24251
    TOTAL MEMORY: 494976

    CELL ID: 0, Label: environment
    Multiset: #

    CELL ID: 1, Label: buff1
    Multiset: #

    CELL ID: 2, Label: buff2
    Multiset: a

    CELL ID: 3, Label: nr0
    Multiset: a

    CELL ID: 4, Label: nr1
    Multiset: #

    CELL ID: 5, Label: nr2
    Multiset: a

    CELL ID: 6, Label: nr3
    Multiset: #

    CELL ID: 7, Label: nr4
    Multiset: #

-----------------------------------------------

    STEP: 4

    Rules selected for CELL ID: 2, Label: buff2
    1 * #2 [a]'buff2 --> [a]

    Rules selected for CELL ID: 3, Label: nr0
    1 * #3 [a]'nr0 --> [a]

    Rules selected for CELL ID: 5, Label: nr2
    1 * #5 [a]'nr2 --> [a]

***********************************************

    CONFIGURATION: 4
    TIME: 0.088 s.
    MEMORY USED: 31680
    FREE MEMORY: 23903
    TOTAL MEMORY: 494976

    CELL ID: 0, Label: environment
    Multiset: #

    CELL ID: 1, Label: buff1
    Multiset: a

    CELL ID: 2, Label: buff2
    Multiset: #

    CELL ID: 3, Label: nr0
    Multiset: #

    CELL ID: 4, Label: nr1
    Multiset: a

    CELL ID: 5, Label: nr2
    Multiset: #

    CELL ID: 6, Label: nr3
    Multiset: a

    CELL ID: 7, Label: nr4
    Multiset: a

-----------------------------------------------

    STEP: 5

    Rules selected for CELL ID: 1, Label: buff1
    1 * #1 [a]'buff1 --> [a]

    Rules selected for CELL ID: 4, Label: nr1
    1 * #4 [a]'nr1 --> [a]

    Rules selected for CELL ID: 6, Label: nr3
    1 * #6 [a]'nr3 --> [a]

    Rules selected for CELL ID: 7, Label: nr4
    1 * #7 [a]'nr4 --> [a]

***********************************************

    CONFIGURATION: 5
    TIME: 0.1 s.
    MEMORY USED: 31680
    FREE MEMORY: 23206
    TOTAL MEMORY: 494976

    CELL ID: 0, Label: environment
    Multiset: a

    CELL ID: 1, Label: buff1
    Multiset: #

    CELL ID: 2, Label: buff2
    Multiset: a

    CELL ID: 3, Label: nr0
    Multiset: a

    CELL ID: 4, Label: nr1
    Multiset: a

    CELL ID: 5, Label: nr2
    Multiset: a

    CELL ID: 6, Label: nr3
    Multiset: a

    CELL ID: 7, Label: nr4
    Multiset: a

    ENVIRONMENT: a

-----------------------------------------------

    STEP: 6

    Rules selected for CELL ID: 2, Label: buff2
    1 * #2 [a]'buff2 --> [a]

    Rules selected for CELL ID: 3, Label: nr0
    1 * #3 [a]'nr0 --> [a]

    Rules selected for CELL ID: 4, Label: nr1
    1 * #4 [a]'nr1 --> [a]

    Rules selected for CELL ID: 5, Label: nr2
    1 * #5 [a]'nr2 --> [a]

    Rules selected for CELL ID: 6, Label: nr3
    1 * #6 [a]'nr3 --> [a]

    Rules selected for CELL ID: 7, Label: nr4
    1 * #7 [a]'nr4 --> [a]

***********************************************

    CONFIGURATION: 6
    TIME: 0.121 s.
    MEMORY USED: 31680
    FREE MEMORY: 29286
    TOTAL MEMORY: 494976

    CELL ID: 0, Label: environment
    Multiset: a*2

    CELL ID: 1, Label: buff1
    Multiset: a

    CELL ID: 2, Label: buff2
    Multiset: #

    CELL ID: 3, Label: nr0
    Multiset: #

    CELL ID: 4, Label: nr1
    Multiset: a*2

    CELL ID: 5, Label: nr2
    Multiset: a

    CELL ID: 6, Label: nr3
    Multiset: a*2

    CELL ID: 7, Label: nr4
    Multiset: a*2

    ENVIRONMENT: a*2

-----------------------------------------------

    STEP: 7

    Rules selected for CELL ID: 1, Label: buff1
    1 * #1 [a]'buff1 --> [a]

    Rules selected for CELL ID: 5, Label: nr2
    1 * #5 [a]'nr2 --> [a]

***********************************************

    CONFIGURATION: 7
    TIME: 0.128 s.
    MEMORY USED: 31680
    FREE MEMORY: 28763
    TOTAL MEMORY: 494976

    CELL ID: 0, Label: environment
    Multiset: a*2

    CELL ID: 1, Label: buff1
    Multiset: #

    CELL ID: 2, Label: buff2
    Multiset: a

    CELL ID: 3, Label: nr0
    Multiset: a

    CELL ID: 4, Label: nr1
    Multiset: a*2

    CELL ID: 5, Label: nr2
    Multiset: #

    CELL ID: 6, Label: nr3
    Multiset: a*3

    CELL ID: 7, Label: nr4
    Multiset: a*3

    ENVIRONMENT: a*2

-----------------------------------------------

    STEP: 8

    Rules selected for CELL ID: 2, Label: buff2
    1 * #2 [a]'buff2 --> [a]

    Rules selected for CELL ID: 3, Label: nr0
    1 * #3 [a]'nr0 --> [a]

***********************************************

    CONFIGURATION: 8
    TIME: 0.182 s.
    MEMORY USED: 31680
    FREE MEMORY: 28413
    TOTAL MEMORY: 494976

    CELL ID: 0, Label: environment
    Multiset: a*2

    CELL ID: 1, Label: buff1
    Multiset: a

    CELL ID: 2, Label: buff2
    Multiset: #

    CELL ID: 3, Label: nr0
    Multiset: #

    CELL ID: 4, Label: nr1
    Multiset: a*3

    CELL ID: 5, Label: nr2
    Multiset: #

    CELL ID: 6, Label: nr3
    Multiset: a*3

    CELL ID: 7, Label: nr4
    Multiset: a*3

    ENVIRONMENT: a*2

-----------------------------------------------

    STEP: 9

    Rules selected for CELL ID: 1, Label: buff1
    1 * #1 [a]'buff1 --> [a]

***********************************************

    CONFIGURATION: 9
    TIME: 0.184 s.
    MEMORY USED: 31680
    FREE MEMORY: 28238
    TOTAL MEMORY: 494976

    CELL ID: 0, Label: environment
    Multiset: a*2

    CELL ID: 1, Label: buff1
    Multiset: #

    CELL ID: 2, Label: buff2
    Multiset: a

    CELL ID: 3, Label: nr0
    Multiset: #

    CELL ID: 4, Label: nr1
    Multiset: a*3

    CELL ID: 5, Label: nr2
    Multiset: #

    CELL ID: 6, Label: nr3
    Multiset: a*3

    CELL ID: 7, Label: nr4
    Multiset: a*3

    ENVIRONMENT: a*2

-----------------------------------------------

    STEP: 10

    Rules selected for CELL ID: 2, Label: buff2
    1 * #2 [a]'buff2 --> [a]

***********************************************

    CONFIGURATION: 10
    TIME: 0.185 s.
    MEMORY USED: 31680
    FREE MEMORY: 28063
    TOTAL MEMORY: 494976

    CELL ID: 0, Label: environment
    Multiset: a*2

    CELL ID: 1, Label: buff1
    Multiset: a

    CELL ID: 2, Label: buff2
    Multiset: #

    CELL ID: 3, Label: nr0
    Multiset: #

    CELL ID: 4, Label: nr1
    Multiset: a*3

    CELL ID: 5, Label: nr2
    Multiset: #

    CELL ID: 6, Label: nr3
    Multiset: a*3

    CELL ID: 7, Label: nr4
    Multiset: a*3

    ENVIRONMENT: a*2

